Build started 01/04/2024 14:56:18.
     1>Project "E:\LuuDuLieuSinhVien\.ahihi\TH AHDTDM\Buoi2\Buoi2\Buoi2.vcxproj" on node 2 (Build target(s)).
     1>ClCompile:
         C:\Program Files (x86)\Microsoft Visual Studio 12.0\VC\bin\CL.exe /c /ZI /nologo /W3 /WX- /sdl /Od /Oy- /D WIN32 /D _DEBUG /D _CONSOLE /D _LIB /D _UNICODE /D UNICODE /Gm /EHsc /RTC1 /MDd /GS /fp:precise /Zc:wchar_t /Zc:forScope /Fo"Debug\\" /Fd"Debug\vc120.pdb" /Gd /TP /analyze- /errorReport:prompt bt2.cpp
         bt2.cpp
     1>e:\luudulieusinhvien\.ahihi\th ahdtdm\buoi2\buoi2\bt2.cpp(17): warning C4244: 'argument' : conversion from 'int' to 'float', possible loss of data
     1>e:\luudulieusinhvien\.ahihi\th ahdtdm\buoi2\buoi2\bt2.cpp(27): error C4996: 'scanf': This function or variable may be unsafe. Consider using scanf_s instead. To disable deprecation, use _CRT_SECURE_NO_WARNINGS. See online help for details.
                 c:\program files (x86)\microsoft visual studio 12.0\vc\include\stdio.h(283) : see declaration of 'scanf'
     1>Done Building Project "E:\LuuDuLieuSinhVien\.ahihi\TH AHDTDM\Buoi2\Buoi2\Buoi2.vcxproj" (Build target(s)) -- FAILED.

Build FAILED.

Time Elapsed 00:00:01.53
